[Sat Jul 28 17:01:40 2012] [info] Listening at "http://*:3000".
[Sat Jul 28 17:01:54 2012] [debug] Your secret passphrase needs to be changed!!!
[Sat Jul 28 17:01:54 2012] [debug] GET / (Mozilla/5.0 (X11; Ubuntu; Linux x86_64; rv:14.0) Gecko/20100101 Firefox/14.0.1).
[Sat Jul 28 17:01:54 2012] [debug] Routing to controller "MyMojo::Example" and action "welcome".
[Sat Jul 28 17:01:54 2012] [debug] Rendering template "example/welcome.html.ep".
[Sat Jul 28 17:01:54 2012] [debug] Rendering template "layouts/default.html.ep".
[Sat Jul 28 17:01:54 2012] [debug] 200 OK (0.040322s, 24.800/s).
[Sat Jul 28 17:02:08 2012] [debug] GET / (Mozilla/5.0 (X11; Ubuntu; Linux x86_64; rv:14.0) Gecko/20100101 Firefox/14.0.1).
[Sat Jul 28 17:02:08 2012] [debug] Routing to controller "MyMojo::Example" and action "welcome".
[Sat Jul 28 17:02:08 2012] [debug] Rendering cached template "example/welcome.html.ep".
[Sat Jul 28 17:02:08 2012] [debug] Rendering cached template "layouts/default.html.ep".
[Sat Jul 28 17:02:08 2012] [debug] 200 OK (0.004093s, 244.320/s).
[Sat Jul 28 17:02:33 2012] [debug] GET / (Mozilla/5.0 (X11; Ubuntu; Linux x86_64; rv:14.0) Gecko/20100101 Firefox/14.0.1).
[Sat Jul 28 17:02:33 2012] [debug] Routing to controller "MyMojo::Example" and action "welcome".
[Sat Jul 28 17:02:33 2012] [debug] Rendering cached template "example/welcome.html.ep".
[Sat Jul 28 17:02:33 2012] [debug] Rendering cached template "layouts/default.html.ep".
[Sat Jul 28 17:02:33 2012] [debug] 200 OK (0.004171s, 239.751/s).
[Sat Jul 28 17:02:41 2012] [debug] GET / (Mozilla/5.0 (X11; Ubuntu; Linux x86_64; rv:14.0) Gecko/20100101 Firefox/14.0.1).
[Sat Jul 28 17:02:41 2012] [debug] Routing to controller "MyMojo::Example" and action "welcome".
[Sat Jul 28 17:02:41 2012] [debug] Rendering cached template "example/welcome.html.ep".
[Sat Jul 28 17:02:41 2012] [debug] Rendering cached template "layouts/default.html.ep".
[Sat Jul 28 17:02:41 2012] [debug] 200 OK (0.003515s, 284.495/s).
